{
  "RSpec": {
    "coverage": {
      "/Users/eb/Projects/week4/bookmark-manager/spec/features/add_bookmark_spec.rb": {
        "lines": [
          1,
          1,
          1,
          1,
          1,
          0,
          0,
          0,
          0,
          0,
          null,
          null
        ]
      },
      "/Users/eb/Projects/week4/bookmark-manager/spec/features/delete_bookmark_spec.rb": {
        "lines": [
          1,
          1,
          1,
          1,
          1,
          0,
          0,
          0,
          0,
          0,
          null,
          null
        ]
      },
      "/Users/eb/Projects/week4/bookmark-manager/spec/features/index_page_spec.rb": {
        "lines": [
          1,
          null,
          1,
          1,
          1,
          null,
          null,
          1,
          1,
          1,
          1,
          1,
          null,
          null
        ]
      },
      "/Users/eb/Projects/week4/bookmark-manager/spec/features/viewing_bookmarks_spec.rb": {
        "lines": [
          1,
          1,
          1,
          null,
          null,
          1,
          1,
          null,
          1,
          1,
          1,
          null,
          null
        ]
      },
      "/Users/eb/Projects/week4/bookmark-manager/spec/unit/bookmark_spec.rb": {
        "lines": [
          1,
          null,
          1,
          1,
          1,
          1,
          1,
          1,
          null,
          1,
          1,
          1,
          null,
          null,
          null,
          1,
          1,
          1,
          1,
          1,
          1,
          null,
          null,
          null,
          1,
          1,
          1,
          1,
          4,
          1,
          1,
          null,
          null,
          null
        ]
      },
      "/Users/eb/Projects/week4/bookmark-manager/spec/web_helper_spec.rb": {
        "lines": [
          1,
          3,
          3,
          3,
          null,
          null,
          1,
          1,
          1,
          1,
          null
        ]
      }
    },
    "timestamp": 1629386946
  }
}
